<?xml version="1.0" encoding="UTF-8"?>
<testsuite xmlns:xsi="http://www.w3.org/2001/XMLSchema-instance" xsi:noNamespaceSchemaLocation="https://maven.apache.org/surefire/maven-surefire-plugin/xsd/surefire-test-report.xsd" name="MyTest" time="0.073" tests="1" errors="1" skipped="0" failures="0">
  <properties>
    <property name="java.specification.version" value="13"/>
    <property name="sun.cpu.isalist" value="amd64"/>
    <property name="sun.jnu.encoding" value="GBK"/>
    <property name="java.class.path" value="D:\biancheng\program\BookManager\target\test-classes;D:\biancheng\program\BookManager\target\classes;D:\biancheng\apache-maven-3.6.3\JAR\org\springframework\boot\spring-boot-starter-aop\2.0.4.RELEASE\spring-boot-starter-aop-2.0.4.RELEASE.jar;D:\biancheng\apache-maven-3.6.3\JAR\org\springframework\boot\spring-boot-starter\2.0.4.RELEASE\spring-boot-starter-2.0.4.RELEASE.jar;D:\biancheng\apache-maven-3.6.3\JAR\org\springframework\boot\spring-boot\2.0.4.RELEASE\spring-boot-2.0.4.RELEASE.jar;D:\biancheng\apache-maven-3.6.3\JAR\org\springframework\boot\spring-boot-autoconfigure\2.0.4.RELEASE\spring-boot-autoconfigure-2.0.4.RELEASE.jar;D:\biancheng\apache-maven-3.6.3\JAR\org\springframework\boot\spring-boot-starter-logging\2.0.4.RELEASE\spring-boot-starter-logging-2.0.4.RELEASE.jar;D:\biancheng\apache-maven-3.6.3\JAR\ch\qos\logback\logback-classic\1.2.3\logback-classic-1.2.3.jar;D:\biancheng\apache-maven-3.6.3\JAR\ch\qos\logback\logback-core\1.2.3\logback-core-1.2.3.jar;D:\biancheng\apache-maven-3.6.3\JAR\org\apache\logging\log4j\log4j-to-slf4j\2.10.0\log4j-to-slf4j-2.10.0.jar;D:\biancheng\apache-maven-3.6.3\JAR\org\apache\logging\log4j\log4j-api\2.10.0\log4j-api-2.10.0.jar;D:\biancheng\apache-maven-3.6.3\JAR\org\slf4j\jul-to-slf4j\1.7.25\jul-to-slf4j-1.7.25.jar;D:\biancheng\apache-maven-3.6.3\JAR\javax\annotation\javax.annotation-api\1.3.2\javax.annotation-api-1.3.2.jar;D:\biancheng\apache-maven-3.6.3\JAR\org\springframework\spring-core\5.0.8.RELEASE\spring-core-5.0.8.RELEASE.jar;D:\biancheng\apache-maven-3.6.3\JAR\org\springframework\spring-jcl\5.0.8.RELEASE\spring-jcl-5.0.8.RELEASE.jar;D:\biancheng\apache-maven-3.6.3\JAR\org\yaml\snakeyaml\1.19\snakeyaml-1.19.jar;D:\biancheng\apache-maven-3.6.3\JAR\org\springframework\spring-aop\5.0.8.RELEASE\spring-aop-5.0.8.RELEASE.jar;D:\biancheng\apache-maven-3.6.3\JAR\org\springframework\spring-beans\5.0.8.RELEASE\spring-beans-5.0.8.RELEASE.jar;D:\biancheng\apache-maven-3.6.3\JAR\org\aspectj\aspectjweaver\1.8.13\aspectjweaver-1.8.13.jar;D:\biancheng\apache-maven-3.6.3\JAR\org\springframework\boot\spring-boot-starter-web\2.0.4.RELEASE\spring-boot-starter-web-2.0.4.RELEASE.jar;D:\biancheng\apache-maven-3.6.3\JAR\org\springframework\boot\spring-boot-starter-json\2.0.4.RELEASE\spring-boot-starter-json-2.0.4.RELEASE.jar;D:\biancheng\apache-maven-3.6.3\JAR\com\fasterxml\jackson\core\jackson-databind\2.9.6\jackson-databind-2.9.6.jar;D:\biancheng\apache-maven-3.6.3\JAR\com\fasterxml\jackson\core\jackson-annotations\2.9.0\jackson-annotations-2.9.0.jar;D:\biancheng\apache-maven-3.6.3\JAR\com\fasterxml\jackson\core\jackson-core\2.9.6\jackson-core-2.9.6.jar;D:\biancheng\apache-maven-3.6.3\JAR\com\fasterxml\jackson\datatype\jackson-datatype-jdk8\2.9.6\jackson-datatype-jdk8-2.9.6.jar;D:\biancheng\apache-maven-3.6.3\JAR\com\fasterxml\jackson\datatype\jackson-datatype-jsr310\2.9.6\jackson-datatype-jsr310-2.9.6.jar;D:\biancheng\apache-maven-3.6.3\JAR\com\fasterxml\jackson\module\jackson-module-parameter-names\2.9.6\jackson-module-parameter-names-2.9.6.jar;D:\biancheng\apache-maven-3.6.3\JAR\org\springframework\boot\spring-boot-starter-tomcat\2.0.4.RELEASE\spring-boot-starter-tomcat-2.0.4.RELEASE.jar;D:\biancheng\apache-maven-3.6.3\JAR\org\apache\tomcat\embed\tomcat-embed-core\8.5.32\tomcat-embed-core-8.5.32.jar;D:\biancheng\apache-maven-3.6.3\JAR\org\apache\tomcat\embed\tomcat-embed-el\8.5.32\tomcat-embed-el-8.5.32.jar;D:\biancheng\apache-maven-3.6.3\JAR\org\apache\tomcat\embed\tomcat-embed-websocket\8.5.32\tomcat-embed-websocket-8.5.32.jar;D:\biancheng\apache-maven-3.6.3\JAR\org\hibernate\validator\hibernate-validator\6.0.11.Final\hibernate-validator-6.0.11.Final.jar;D:\biancheng\apache-maven-3.6.3\JAR\javax\validation\validation-api\2.0.1.Final\validation-api-2.0.1.Final.jar;D:\biancheng\apache-maven-3.6.3\JAR\org\jboss\logging\jboss-logging\3.3.2.Final\jboss-logging-3.3.2.Final.jar;D:\biancheng\apache-maven-3.6.3\JAR\com\fasterxml\classmate\1.3.4\classmate-1.3.4.jar;D:\biancheng\apache-maven-3.6.3\JAR\org\openjfx\javafx.base\11.0.0-SNAPSHOT\javafx.base-11.0.0-SNAPSHOT.jar;D:\biancheng\apache-maven-3.6.3\JAR\org\openjfx\javafx.base\11.0.0-SNAPSHOT\javafx.base-11.0.0-SNAPSHOT-linux.jar;D:\biancheng\apache-maven-3.6.3\JAR\org\openjfx\javafx.base\11.0.0-SNAPSHOT\javafx.base-11.0.0-SNAPSHOT-mac.jar;D:\biancheng\apache-maven-3.6.3\JAR\org\openjfx\javafx.base\11.0.0-SNAPSHOT\javafx.base-11.0.0-SNAPSHOT-win.jar;D:\biancheng\apache-maven-3.6.3\JAR\org\springframework\spring-web\5.0.8.RELEASE\spring-web-5.0.8.RELEASE.jar;D:\biancheng\apache-maven-3.6.3\JAR\org\springframework\spring-webmvc\5.0.8.RELEASE\spring-webmvc-5.0.8.RELEASE.jar;D:\biancheng\apache-maven-3.6.3\JAR\org\springframework\spring-context\5.0.8.RELEASE\spring-context-5.0.8.RELEASE.jar;D:\biancheng\apache-maven-3.6.3\JAR\org\springframework\spring-expression\5.0.8.RELEASE\spring-expression-5.0.8.RELEASE.jar;D:\biancheng\apache-maven-3.6.3\JAR\org\mybatis\spring\boot\mybatis-spring-boot-starter\1.3.2\mybatis-spring-boot-starter-1.3.2.jar;D:\biancheng\apache-maven-3.6.3\JAR\org\springframework\boot\spring-boot-starter-jdbc\2.0.4.RELEASE\spring-boot-starter-jdbc-2.0.4.RELEASE.jar;D:\biancheng\apache-maven-3.6.3\JAR\com\zaxxer\HikariCP\2.7.9\HikariCP-2.7.9.jar;D:\biancheng\apache-maven-3.6.3\JAR\org\springframework\spring-jdbc\5.0.8.RELEASE\spring-jdbc-5.0.8.RELEASE.jar;D:\biancheng\apache-maven-3.6.3\JAR\org\springframework\spring-tx\5.0.8.RELEASE\spring-tx-5.0.8.RELEASE.jar;D:\biancheng\apache-maven-3.6.3\JAR\org\mybatis\spring\boot\mybatis-spring-boot-autoconfigure\1.3.2\mybatis-spring-boot-autoconfigure-1.3.2.jar;D:\biancheng\apache-maven-3.6.3\JAR\org\mybatis\mybatis\3.4.6\mybatis-3.4.6.jar;D:\biancheng\apache-maven-3.6.3\JAR\org\mybatis\mybatis-spring\1.3.2\mybatis-spring-1.3.2.jar;D:\biancheng\apache-maven-3.6.3\JAR\org\springframework\boot\spring-boot-starter-thymeleaf\2.3.3.RELEASE\spring-boot-starter-thymeleaf-2.3.3.RELEASE.jar;D:\biancheng\apache-maven-3.6.3\JAR\org\thymeleaf\thymeleaf-spring5\3.0.9.RELEASE\thymeleaf-spring5-3.0.9.RELEASE.jar;D:\biancheng\apache-maven-3.6.3\JAR\org\thymeleaf\thymeleaf\3.0.9.RELEASE\thymeleaf-3.0.9.RELEASE.jar;D:\biancheng\apache-maven-3.6.3\JAR\org\attoparser\attoparser\2.0.4.RELEASE\attoparser-2.0.4.RELEASE.jar;D:\biancheng\apache-maven-3.6.3\JAR\org\unbescape\unbescape\1.1.5.RELEASE\unbescape-1.1.5.RELEASE.jar;D:\biancheng\apache-maven-3.6.3\JAR\org\slf4j\slf4j-api\1.7.25\slf4j-api-1.7.25.jar;D:\biancheng\apache-maven-3.6.3\JAR\org\thymeleaf\extras\thymeleaf-extras-java8time\3.0.1.RELEASE\thymeleaf-extras-java8time-3.0.1.RELEASE.jar;D:\biancheng\apache-maven-3.6.3\JAR\mysql\mysql-connector-java\5.1.9\mysql-connector-java-5.1.9.jar;D:\biancheng\apache-maven-3.6.3\JAR\junit\junit\4.12\junit-4.12.jar;D:\biancheng\apache-maven-3.6.3\JAR\org\hamcrest\hamcrest-core\1.3\hamcrest-core-1.3.jar;"/>
    <property name="java.vm.vendor" value="Oracle Corporation"/>
    <property name="sun.arch.data.model" value="64"/>
    <property name="user.variant" value=""/>
    <property name="java.vendor.url" value="https://java.oracle.com/"/>
    <property name="os.name" value="Windows 10"/>
    <property name="java.vm.specification.version" value="13"/>
    <property name="sun.java.launcher" value="SUN_STANDARD"/>
    <property name="user.country" value="CN"/>
    <property name="sun.boot.library.path" value="D:\biancheng\java\jdk\jdk-13.0.2\bin"/>
    <property name="sun.java.command" value="C:\Users\Lenovo\AppData\Local\Temp\surefire13577076362325628107\surefirebooter7433407119138341763.jar C:\Users\Lenovo\AppData\Local\Temp\surefire13577076362325628107 2020-09-11T08-58-29_677-jvmRun1 surefire13866112308787141353tmp surefire_05845417356800031712tmp"/>
    <property name="jdk.debug" value="release"/>
    <property name="surefire.test.class.path" value="D:\biancheng\program\BookManager\target\test-classes;D:\biancheng\program\BookManager\target\classes;D:\biancheng\apache-maven-3.6.3\JAR\org\springframework\boot\spring-boot-starter-aop\2.0.4.RELEASE\spring-boot-starter-aop-2.0.4.RELEASE.jar;D:\biancheng\apache-maven-3.6.3\JAR\org\springframework\boot\spring-boot-starter\2.0.4.RELEASE\spring-boot-starter-2.0.4.RELEASE.jar;D:\biancheng\apache-maven-3.6.3\JAR\org\springframework\boot\spring-boot\2.0.4.RELEASE\spring-boot-2.0.4.RELEASE.jar;D:\biancheng\apache-maven-3.6.3\JAR\org\springframework\boot\spring-boot-autoconfigure\2.0.4.RELEASE\spring-boot-autoconfigure-2.0.4.RELEASE.jar;D:\biancheng\apache-maven-3.6.3\JAR\org\springframework\boot\spring-boot-starter-logging\2.0.4.RELEASE\spring-boot-starter-logging-2.0.4.RELEASE.jar;D:\biancheng\apache-maven-3.6.3\JAR\ch\qos\logback\logback-classic\1.2.3\logback-classic-1.2.3.jar;D:\biancheng\apache-maven-3.6.3\JAR\ch\qos\logback\logback-core\1.2.3\logback-core-1.2.3.jar;D:\biancheng\apache-maven-3.6.3\JAR\org\apache\logging\log4j\log4j-to-slf4j\2.10.0\log4j-to-slf4j-2.10.0.jar;D:\biancheng\apache-maven-3.6.3\JAR\org\apache\logging\log4j\log4j-api\2.10.0\log4j-api-2.10.0.jar;D:\biancheng\apache-maven-3.6.3\JAR\org\slf4j\jul-to-slf4j\1.7.25\jul-to-slf4j-1.7.25.jar;D:\biancheng\apache-maven-3.6.3\JAR\javax\annotation\javax.annotation-api\1.3.2\javax.annotation-api-1.3.2.jar;D:\biancheng\apache-maven-3.6.3\JAR\org\springframework\spring-core\5.0.8.RELEASE\spring-core-5.0.8.RELEASE.jar;D:\biancheng\apache-maven-3.6.3\JAR\org\springframework\spring-jcl\5.0.8.RELEASE\spring-jcl-5.0.8.RELEASE.jar;D:\biancheng\apache-maven-3.6.3\JAR\org\yaml\snakeyaml\1.19\snakeyaml-1.19.jar;D:\biancheng\apache-maven-3.6.3\JAR\org\springframework\spring-aop\5.0.8.RELEASE\spring-aop-5.0.8.RELEASE.jar;D:\biancheng\apache-maven-3.6.3\JAR\org\springframework\spring-beans\5.0.8.RELEASE\spring-beans-5.0.8.RELEASE.jar;D:\biancheng\apache-maven-3.6.3\JAR\org\aspectj\aspectjweaver\1.8.13\aspectjweaver-1.8.13.jar;D:\biancheng\apache-maven-3.6.3\JAR\org\springframework\boot\spring-boot-starter-web\2.0.4.RELEASE\spring-boot-starter-web-2.0.4.RELEASE.jar;D:\biancheng\apache-maven-3.6.3\JAR\org\springframework\boot\spring-boot-starter-json\2.0.4.RELEASE\spring-boot-starter-json-2.0.4.RELEASE.jar;D:\biancheng\apache-maven-3.6.3\JAR\com\fasterxml\jackson\core\jackson-databind\2.9.6\jackson-databind-2.9.6.jar;D:\biancheng\apache-maven-3.6.3\JAR\com\fasterxml\jackson\core\jackson-annotations\2.9.0\jackson-annotations-2.9.0.jar;D:\biancheng\apache-maven-3.6.3\JAR\com\fasterxml\jackson\core\jackson-core\2.9.6\jackson-core-2.9.6.jar;D:\biancheng\apache-maven-3.6.3\JAR\com\fasterxml\jackson\datatype\jackson-datatype-jdk8\2.9.6\jackson-datatype-jdk8-2.9.6.jar;D:\biancheng\apache-maven-3.6.3\JAR\com\fasterxml\jackson\datatype\jackson-datatype-jsr310\2.9.6\jackson-datatype-jsr310-2.9.6.jar;D:\biancheng\apache-maven-3.6.3\JAR\com\fasterxml\jackson\module\jackson-module-parameter-names\2.9.6\jackson-module-parameter-names-2.9.6.jar;D:\biancheng\apache-maven-3.6.3\JAR\org\springframework\boot\spring-boot-starter-tomcat\2.0.4.RELEASE\spring-boot-starter-tomcat-2.0.4.RELEASE.jar;D:\biancheng\apache-maven-3.6.3\JAR\org\apache\tomcat\embed\tomcat-embed-core\8.5.32\tomcat-embed-core-8.5.32.jar;D:\biancheng\apache-maven-3.6.3\JAR\org\apache\tomcat\embed\tomcat-embed-el\8.5.32\tomcat-embed-el-8.5.32.jar;D:\biancheng\apache-maven-3.6.3\JAR\org\apache\tomcat\embed\tomcat-embed-websocket\8.5.32\tomcat-embed-websocket-8.5.32.jar;D:\biancheng\apache-maven-3.6.3\JAR\org\hibernate\validator\hibernate-validator\6.0.11.Final\hibernate-validator-6.0.11.Final.jar;D:\biancheng\apache-maven-3.6.3\JAR\javax\validation\validation-api\2.0.1.Final\validation-api-2.0.1.Final.jar;D:\biancheng\apache-maven-3.6.3\JAR\org\jboss\logging\jboss-logging\3.3.2.Final\jboss-logging-3.3.2.Final.jar;D:\biancheng\apache-maven-3.6.3\JAR\com\fasterxml\classmate\1.3.4\classmate-1.3.4.jar;D:\biancheng\apache-maven-3.6.3\JAR\org\openjfx\javafx.base\11.0.0-SNAPSHOT\javafx.base-11.0.0-SNAPSHOT.jar;D:\biancheng\apache-maven-3.6.3\JAR\org\openjfx\javafx.base\11.0.0-SNAPSHOT\javafx.base-11.0.0-SNAPSHOT-linux.jar;D:\biancheng\apache-maven-3.6.3\JAR\org\openjfx\javafx.base\11.0.0-SNAPSHOT\javafx.base-11.0.0-SNAPSHOT-mac.jar;D:\biancheng\apache-maven-3.6.3\JAR\org\openjfx\javafx.base\11.0.0-SNAPSHOT\javafx.base-11.0.0-SNAPSHOT-win.jar;D:\biancheng\apache-maven-3.6.3\JAR\org\springframework\spring-web\5.0.8.RELEASE\spring-web-5.0.8.RELEASE.jar;D:\biancheng\apache-maven-3.6.3\JAR\org\springframework\spring-webmvc\5.0.8.RELEASE\spring-webmvc-5.0.8.RELEASE.jar;D:\biancheng\apache-maven-3.6.3\JAR\org\springframework\spring-context\5.0.8.RELEASE\spring-context-5.0.8.RELEASE.jar;D:\biancheng\apache-maven-3.6.3\JAR\org\springframework\spring-expression\5.0.8.RELEASE\spring-expression-5.0.8.RELEASE.jar;D:\biancheng\apache-maven-3.6.3\JAR\org\mybatis\spring\boot\mybatis-spring-boot-starter\1.3.2\mybatis-spring-boot-starter-1.3.2.jar;D:\biancheng\apache-maven-3.6.3\JAR\org\springframework\boot\spring-boot-starter-jdbc\2.0.4.RELEASE\spring-boot-starter-jdbc-2.0.4.RELEASE.jar;D:\biancheng\apache-maven-3.6.3\JAR\com\zaxxer\HikariCP\2.7.9\HikariCP-2.7.9.jar;D:\biancheng\apache-maven-3.6.3\JAR\org\springframework\spring-jdbc\5.0.8.RELEASE\spring-jdbc-5.0.8.RELEASE.jar;D:\biancheng\apache-maven-3.6.3\JAR\org\springframework\spring-tx\5.0.8.RELEASE\spring-tx-5.0.8.RELEASE.jar;D:\biancheng\apache-maven-3.6.3\JAR\org\mybatis\spring\boot\mybatis-spring-boot-autoconfigure\1.3.2\mybatis-spring-boot-autoconfigure-1.3.2.jar;D:\biancheng\apache-maven-3.6.3\JAR\org\mybatis\mybatis\3.4.6\mybatis-3.4.6.jar;D:\biancheng\apache-maven-3.6.3\JAR\org\mybatis\mybatis-spring\1.3.2\mybatis-spring-1.3.2.jar;D:\biancheng\apache-maven-3.6.3\JAR\org\springframework\boot\spring-boot-starter-thymeleaf\2.3.3.RELEASE\spring-boot-starter-thymeleaf-2.3.3.RELEASE.jar;D:\biancheng\apache-maven-3.6.3\JAR\org\thymeleaf\thymeleaf-spring5\3.0.9.RELEASE\thymeleaf-spring5-3.0.9.RELEASE.jar;D:\biancheng\apache-maven-3.6.3\JAR\org\thymeleaf\thymeleaf\3.0.9.RELEASE\thymeleaf-3.0.9.RELEASE.jar;D:\biancheng\apache-maven-3.6.3\JAR\org\attoparser\attoparser\2.0.4.RELEASE\attoparser-2.0.4.RELEASE.jar;D:\biancheng\apache-maven-3.6.3\JAR\org\unbescape\unbescape\1.1.5.RELEASE\unbescape-1.1.5.RELEASE.jar;D:\biancheng\apache-maven-3.6.3\JAR\org\slf4j\slf4j-api\1.7.25\slf4j-api-1.7.25.jar;D:\biancheng\apache-maven-3.6.3\JAR\org\thymeleaf\extras\thymeleaf-extras-java8time\3.0.1.RELEASE\thymeleaf-extras-java8time-3.0.1.RELEASE.jar;D:\biancheng\apache-maven-3.6.3\JAR\mysql\mysql-connector-java\5.1.9\mysql-connector-java-5.1.9.jar;D:\biancheng\apache-maven-3.6.3\JAR\junit\junit\4.12\junit-4.12.jar;D:\biancheng\apache-maven-3.6.3\JAR\org\hamcrest\hamcrest-core\1.3\hamcrest-core-1.3.jar;"/>
    <property name="sun.cpu.endian" value="little"/>
    <property name="user.home" value="C:\Users\Lenovo"/>
    <property name="user.language" value="zh"/>
    <property name="java.specification.vendor" value="Oracle Corporation"/>
    <property name="java.version.date" value="2020-01-14"/>
    <property name="java.home" value="D:\biancheng\java\jdk\jdk-13.0.2"/>
    <property name="file.separator" value="\"/>
    <property name="basedir" value="D:\biancheng\program\BookManager"/>
    <property name="java.vm.compressedOopsMode" value="Zero based"/>
    <property name="line.separator" value="&#10;"/>
    <property name="java.vm.specification.vendor" value="Oracle Corporation"/>
    <property name="java.specification.name" value="Java Platform API Specification"/>
    <property name="idea.version2020.1.1" value="true"/>
    <property name="surefire.real.class.path" value="C:\Users\Lenovo\AppData\Local\Temp\surefire13577076362325628107\surefirebooter7433407119138341763.jar"/>
    <property name="user.script" value=""/>
    <property name="sun.management.compiler" value="HotSpot 64-Bit Tiered Compilers"/>
    <property name="java.runtime.version" value="13.0.2+8"/>
    <property name="user.name" value="Lenovo"/>
    <property name="path.separator" value=";"/>
    <property name="os.version" value="10.0"/>
    <property name="java.runtime.name" value="Java(TM) SE Runtime Environment"/>
    <property name="file.encoding" value="GBK"/>
    <property name="java.vm.name" value="Java HotSpot(TM) 64-Bit Server VM"/>
    <property name="localRepository" value="D:\biancheng\apache-maven-3.6.3\JAR"/>
    <property name="java.vendor.url.bug" value="https://bugreport.java.com/bugreport/"/>
    <property name="java.io.tmpdir" value="C:\Users\Lenovo\AppData\Local\Temp\"/>
    <property name="java.version" value="13.0.2"/>
    <property name="user.dir" value="D:\biancheng\program\BookManager"/>
    <property name="os.arch" value="amd64"/>
    <property name="java.vm.specification.name" value="Java Virtual Machine Specification"/>
    <property name="sun.os.patch.level" value=""/>
    <property name="java.library.path" value="D:\biancheng\java\jdk\jdk-13.0.2\bin;C:\WINDOWS\Sun\Java\bin;C:\WINDOWS\system32;C:\WINDOWS;C:\Program Files (x86)\Common Files\Oracle\Java\javapath;D:\biancheng\新建文件夹\;C:\W;NDOWS\system32;C:\WINDOWS;C:\WINDOWS\System32\Wbem;C:\WINDOWS\System32\WindowsPowerShell\v1.0\;C:\WINDOWS\System32\OpenSSH\;D:\biancheng\java\jdk\jdk-13.0.2\bin;D:\biancheng\java\jdk\jdk-13.0.2\jre\bin;C:\Program Files\NVIDIA Corporation\NVIDIA NvDLISR;D:\biancheng\apache-jmeter-5.3\bin;D:\biancheng\Node\;C:\Program Files\dotnet\;C:\Program Files\Microsoft SQL Server\130\Tools\Binn\;C:\Program Files\Microsoft SQL Server\Client SDK\ODBC\170\Tools\Binn\;C:\WINDOWS\system32;C:\WINDOWS;C:\WINDOWS\System32\Wbem;C:\WINDOWS\System32\WindowsPowerShell\v1.0\;C:\WINDOWS\System32\OpenSSH\;D:\biancheng\apache-maven-3.6.3\bin;D:\biancheng\java\jdk\jkd-8\bin;D:\biancheng\java\jdk\jkd-8-jre\bin;D:\biancheng\GIT\Git\cmd;C:\Users\Lenovo\AppData\Local\Microsoft\WindowsApps;D:\biancheng\Python\PyCharm Community Edition 2019.3.3\bin;;C:\Program Files\Bandizip\;D:\biancheng\IDEA j\IntelliJ IDEA 2020.1\bin;;C:\Users\Lenovo\AppData\Roaming\npm;D:\biancheng\Microsoft VS Code\bin;;."/>
    <property name="java.vm.info" value="mixed mode, sharing"/>
    <property name="java.vendor" value="Oracle Corporation"/>
    <property name="java.vm.version" value="13.0.2+8"/>
    <property name="sun.io.unicode.encoding" value="UnicodeLittle"/>
    <property name="java.class.version" value="57.0"/>
  </properties>
  <testcase name="test01" classname="MyTest" time="0.007">
    <error type="java.lang.NullPointerException">java.lang.NullPointerException
	at MyTest.test01(MyTest.java:20)
</error>
  </testcase>
</testsuite>